[debug] [2023-12-29T00:48:36.018Z] ----------------------------------------------------------------------
[debug] [2023-12-29T00:48:36.021Z] Command:       F:\Programacao\Node\node.exe C:\Users\User\AppData\Roaming\npm\node_modules\firebase-tools\lib\bin\firebase.js init
[debug] [2023-12-29T00:48:36.021Z] CLI Version:   13.0.2
[debug] [2023-12-29T00:48:36.022Z] Platform:      win32
[debug] [2023-12-29T00:48:36.022Z] Node Version:  v20.10.0
[debug] [2023-12-29T00:48:36.022Z] Time:          Thu Dec 28 2023 21:48:36 GMT-0300 (Horário Padrão de Brasília)
[debug] [2023-12-29T00:48:36.022Z] ----------------------------------------------------------------------
[debug] 
[debug] [2023-12-29T00:48:36.028Z] > command requires scopes: ["email","openid","https://www.googleapis.com/auth/cloudplatformprojects.readonly","https://www.googleapis.com/auth/firebase","https://www.googleapis.com/auth/cloud-platform"]
[debug] [2023-12-29T00:48:36.028Z] > authorizing via signed-in user (leonardocassauara@id.uff.br)
[info] 
     ######## #### ########  ######## ########     ###     ######  ########
     ##        ##  ##     ## ##       ##     ##  ##   ##  ##       ##
     ######    ##  ########  ######   ########  #########  ######  ######
     ##        ##  ##    ##  ##       ##     ## ##     ##       ## ##
     ##       #### ##     ## ######## ########  ##     ##  ######  ########

You're about to initialize a Firebase project in this directory:

  F:\Programacao\GitHub Repo\Focus-Kanban-Trainee

[info] 
=== Project Setup
[info] 
[info] First, let's associate this project directory with a Firebase project.
[info] You can create multiple project aliases by running firebase use --add, 
[info] but for now we'll just set up a default project.
[info] 
[debug] [2023-12-29T00:49:35.790Z] >>> [apiv2][query] GET https://firebase.googleapis.com/v1beta1/projects pageSize=100
[debug] [2023-12-29T00:49:36.450Z] <<< [apiv2][status] GET https://firebase.googleapis.com/v1beta1/projects 200
[debug] [2023-12-29T00:49:36.450Z] <<< [apiv2][body] GET https://firebase.googleapis.com/v1beta1/projects [omitted]
[info] i  Using project focus-kanban-board (focus-kanban-board) 
[info] 
=== Firestore Setup
[debug] [2023-12-29T00:49:40.071Z] >>> [apiv2][query] GET https://serviceusage.googleapis.com/v1/projects/focus-kanban-board/services/firestore.googleapis.com [none]
[debug] [2023-12-29T00:49:40.071Z] >>> [apiv2][(partial)header] GET https://serviceusage.googleapis.com/v1/projects/focus-kanban-board/services/firestore.googleapis.com x-goog-quota-user=projects/focus-kanban-board
[debug] [2023-12-29T00:49:41.121Z] <<< [apiv2][status] GET https://serviceusage.googleapis.com/v1/projects/focus-kanban-board/services/firestore.googleapis.com 200
[debug] [2023-12-29T00:49:41.121Z] <<< [apiv2][body] GET https://serviceusage.googleapis.com/v1/projects/focus-kanban-board/services/firestore.googleapis.com [omitted]
[debug] [2023-12-29T00:49:41.121Z] >>> [apiv2][query] GET https://firestore.googleapis.com/v1/projects/focus-kanban-board/databases/(default) [none]
[debug] [2023-12-29T00:49:41.342Z] <<< [apiv2][status] GET https://firestore.googleapis.com/v1/projects/focus-kanban-board/databases/(default) 200
[debug] [2023-12-29T00:49:41.342Z] <<< [apiv2][body] GET https://firestore.googleapis.com/v1/projects/focus-kanban-board/databases/(default) {"name":"projects/focus-kanban-board/databases/(default)","uid":"69f9113c-6232-45ca-acd7-182d2504c9fa","createTime":"2023-12-29T00:22:48.938914Z","updateTime":"2023-12-29T00:22:48.938914Z","locationId":"southamerica-east1","type":"FIRESTORE_NATIVE","concurrencyMode":"PESSIMISTIC","versionRetentionPeriod":"3600s","earliestVersionTime":"2023-12-29T00:22:48.938914Z","appEngineIntegrationMode":"DISABLED","keyPrefix":"i","pointInTimeRecoveryEnablement":"POINT_IN_TIME_RECOVERY_DISABLED","deleteProtectionState":"DELETE_PROTECTION_DISABLED","etag":"IL7wo762s4MDMNSGyfWws4MD"}
[debug] [2023-12-29T00:49:41.342Z] database_type: FIRESTORE_NATIVE
[debug] [2023-12-29T00:49:41.342Z] > command requires scopes: ["email","openid","https://www.googleapis.com/auth/cloudplatformprojects.readonly","https://www.googleapis.com/auth/firebase","https://www.googleapis.com/auth/cloud-platform"]
[debug] [2023-12-29T00:49:41.343Z] > authorizing via signed-in user (leonardocassauara@id.uff.br)
[debug] [2023-12-29T00:49:41.343Z] [iam] checking project focus-kanban-board for permissions ["firebase.projects.get"]
[debug] [2023-12-29T00:49:41.343Z] >>> [apiv2][query] POST https://cloudresourcemanager.googleapis.com/v1/projects/focus-kanban-board:testIamPermissions [none]
[debug] [2023-12-29T00:49:41.343Z] >>> [apiv2][(partial)header] POST https://cloudresourcemanager.googleapis.com/v1/projects/focus-kanban-board:testIamPermissions x-goog-quota-user=projects/focus-kanban-board
[debug] [2023-12-29T00:49:41.343Z] >>> [apiv2][body] POST https://cloudresourcemanager.googleapis.com/v1/projects/focus-kanban-board:testIamPermissions {"permissions":["firebase.projects.get"]}
[debug] [2023-12-29T00:49:42.296Z] <<< [apiv2][status] POST https://cloudresourcemanager.googleapis.com/v1/projects/focus-kanban-board:testIamPermissions 200
[debug] [2023-12-29T00:49:42.296Z] <<< [apiv2][body] POST https://cloudresourcemanager.googleapis.com/v1/projects/focus-kanban-board:testIamPermissions {"permissions":["firebase.projects.get"]}
[info] 
[info] Firestore Security Rules allow you to define how and when to allow
[info] requests. You can keep these rules in your project directory
[info] and publish them with firebase deploy.
[info] 
[debug] [2023-12-29T00:49:58.392Z] >>> [apiv2][query] GET https://firebaserules.googleapis.com/v1/projects/focus-kanban-board/releases pageSize=10&pageToken=
[debug] [2023-12-29T00:49:58.855Z] <<< [apiv2][status] GET https://firebaserules.googleapis.com/v1/projects/focus-kanban-board/releases 200
[debug] [2023-12-29T00:49:58.855Z] <<< [apiv2][body] GET https://firebaserules.googleapis.com/v1/projects/focus-kanban-board/releases {"releases":[{"name":"projects/focus-kanban-board/releases/cloud.firestore","rulesetName":"projects/focus-kanban-board/rulesets/15a82c0b-7602-4759-9007-910ecefbd2a5","createTime":"2023-12-29T00:22:53.285412Z","updateTime":"2023-12-29T00:23:35.909147Z"}]}
[debug] [2023-12-29T00:49:58.855Z] Found ruleset: projects/focus-kanban-board/rulesets/15a82c0b-7602-4759-9007-910ecefbd2a5
[debug] [2023-12-29T00:49:58.855Z] >>> [apiv2][query] GET https://firebaserules.googleapis.com/v1/projects/focus-kanban-board/rulesets/15a82c0b-7602-4759-9007-910ecefbd2a5 [none]
[debug] [2023-12-29T00:49:59.764Z] <<< [apiv2][status] GET https://firebaserules.googleapis.com/v1/projects/focus-kanban-board/rulesets/15a82c0b-7602-4759-9007-910ecefbd2a5 200
[debug] [2023-12-29T00:49:59.764Z] <<< [apiv2][body] GET https://firebaserules.googleapis.com/v1/projects/focus-kanban-board/rulesets/15a82c0b-7602-4759-9007-910ecefbd2a5 [omitted]
[info] 
[info] Firestore indexes allow you to perform complex queries while
[info] maintaining performance that scales with the size of the result
[info] set. You can keep index definitions in your project directory
[info] and publish them with firebase deploy.
[info] 
[debug] [2023-12-29T00:50:04.327Z] >>> [apiv2][query] GET https://firestore.googleapis.com/v1/projects/focus-kanban-board/databases/(default)/collectionGroups/-/indexes [none]
[debug] [2023-12-29T00:50:04.329Z] >>> [apiv2][query] GET https://firestore.googleapis.com/v1/projects/focus-kanban-board/databases/(default)/collectionGroups/-/fields?filter=indexConfig.usesAncestorConfig=false OR ttlConfig:* [none]
[debug] [2023-12-29T00:50:04.479Z] <<< [apiv2][status] GET https://firestore.googleapis.com/v1/projects/focus-kanban-board/databases/(default)/collectionGroups/-/indexes 200
[debug] [2023-12-29T00:50:04.479Z] <<< [apiv2][body] GET https://firestore.googleapis.com/v1/projects/focus-kanban-board/databases/(default)/collectionGroups/-/indexes {}
[debug] [2023-12-29T00:50:04.536Z] <<< [apiv2][status] GET https://firestore.googleapis.com/v1/projects/focus-kanban-board/databases/(default)/collectionGroups/-/fields?filter=indexConfig.usesAncestorConfig=false OR ttlConfig:* 200
[debug] [2023-12-29T00:50:04.536Z] <<< [apiv2][body] GET https://firestore.googleapis.com/v1/projects/focus-kanban-board/databases/(default)/collectionGroups/-/fields?filter=indexConfig.usesAncestorConfig=false OR ttlConfig:* {"fields":[{"name":"projects/focus-kanban-board/databases/(default)/collectionGroups/__default__/fields/*","indexConfig":{"indexes":[{"queryScope":"COLLECTION","fields":[{"fieldPath":"*","order":"ASCENDING"}],"state":"READY"},{"queryScope":"COLLECTION","fields":[{"fieldPath":"*","order":"DESCENDING"}],"state":"READY"},{"queryScope":"COLLECTION","fields":[{"fieldPath":"*","arrayConfig":"CONTAINS"}],"state":"READY"}]}}]}
[info] 
=== Hosting Setup
[debug] [2023-12-29T00:50:04.539Z] >>> [apiv2][query] GET https://firebase.googleapis.com/v1beta1/projects/focus-kanban-board [none]
[debug] [2023-12-29T00:50:04.906Z] <<< [apiv2][status] GET https://firebase.googleapis.com/v1beta1/projects/focus-kanban-board 200
[debug] [2023-12-29T00:50:04.906Z] <<< [apiv2][body] GET https://firebase.googleapis.com/v1beta1/projects/focus-kanban-board {"projectId":"focus-kanban-board","projectNumber":"174381111412","displayName":"focus-kanban-board","name":"projects/focus-kanban-board","resources":{"hostingSite":"focus-kanban-board"},"state":"ACTIVE","etag":"1_71dfc4b6-6e28-407e-9e56-dfb0e110e657"}
[info] 
[info] Your public directory is the folder (relative to your project directory) that
[info] will contain Hosting assets to be uploaded with firebase deploy. If you
[info] have a build process for your assets, use your build's output directory.
[info] 
[info] +  Wrote public/404.html 
[debug] [2023-12-29T00:50:36.772Z] >>> [apiv2][query] GET https://www.gstatic.com/firebasejs/releases.json [none]
[debug] [2023-12-29T00:50:36.901Z] <<< [apiv2][status] GET https://www.gstatic.com/firebasejs/releases.json 200
[debug] [2023-12-29T00:50:36.901Z] <<< [apiv2][body] GET https://www.gstatic.com/firebasejs/releases.json {"current":{"version":"10.7.1","browserURL":"https://www.gstatic.com/firebasejs/10.7.1/firebase.js","packageURL":"https://www.gstatic.com/firebasejs/10.7.1/firebase.tgz"},"live":{"version":"10.7","browserURL":"https://www.gstatic.com/firebasejs/live/10.7/firebase.js","packageURL":"https://www.gstatic.com/firebasejs/live/10.7/firebase.tgz"},"components":{"analytics":"https://www.gstatic.com/firebasejs/10.7.1/firebase-analytics.js","app":"https://www.gstatic.com/firebasejs/10.7.1/firebase-app.js","app-check":"https://www.gstatic.com/firebasejs/10.7.1/firebase-app-check.js","auth":"https://www.gstatic.com/firebasejs/10.7.1/firebase-auth.js","auth/cordova":"https://www.gstatic.com/firebasejs/10.7.1/firebase-auth/cordova.js","functions":"https://www.gstatic.com/firebasejs/10.7.1/firebase-functions.js","firestore":"https://www.gstatic.com/firebasejs/10.7.1/firebase-firestore.js","firestore/lite":"https://www.gstatic.com/firebasejs/10.7.1/firebase-firestore/lite.js","installations":"https://www.gstatic.com/firebasejs/10.7.1/firebase-installations.js","storage":"https://www.gstatic.com/firebasejs/10.7.1/firebase-storage.js","performance":"https://www.gstatic.com/firebasejs/10.7.1/firebase-performance.js","remote-config":"https://www.gstatic.com/firebasejs/10.7.1/firebase-remote-config.js","messaging":"https://www.gstatic.com/firebasejs/10.7.1/firebase-messaging.js","messaging/sw":"https://www.gstatic.com/firebasejs/10.7.1/firebase-messaging/sw.js","database":"https://www.gstatic.com/firebasejs/10.7.1/firebase-database.js","firestore.memory":"https://www.gstatic.com/firebasejs/10.7.1/firebase-firestore.memory.js"}}
[info] +  Wrote public/index.html 
[info] 
[info] i  Detected a .git folder at F:\Programacao\GitHub Repo\Focus-Kanban-Trainee 
[info] i  Authorizing with GitHub to upload your service account to a GitHub repository's secrets store. 
[info] 
[info] Visit this URL on this device to log in:
[info] https://github.com/login/oauth/authorize?client_id=89cf50f02ac6aaed3484&state=953267990&redirect_uri=http%3A%2F%2Flocalhost%3A9005&scope=read%3Auser%20repo%20public_repo
[info] 
[info] Waiting for authentication...
